{
  "/Users/richtillman/Desktop/Redesign_Health/github/rh-design-system/libs/shared/ui/src/lib/auto-complete/auto-complete.tsx": {
    "path": "/Users/richtillman/Desktop/Redesign_Health/github/rh-design-system/libs/shared/ui/src/lib/auto-complete/auto-complete.tsx",
    "statementMap": {
      "0": {
        "start": {
          "line": 6,
          "column": 27
        },
        "end": {
          "line": 8,
          "column": 1
        }
      },
      "1": {
        "start": {
          "line": 11,
          "column": 2
        },
        "end": {
          "line": 15,
          "column": 3
        }
      }
    },
    "fnMap": {
      "0": {
        "name": "AutoComplete",
        "decl": {
          "start": {
            "line": 10,
            "column": 16
          },
          "end": {
            "line": 10,
            "column": 28
          }
        },
        "loc": {
          "start": {
            "line": 10,
            "column": 55
          },
          "end": {
            "line": 16,
            "column": 1
          }
        },
        "line": 10
      }
    },
    "branchMap": {},
    "s": {
      "0": 16,
      "1": 0
    },
    "f": {
      "0": 0
    },
    "b": {},
    "_coverageSchema": "1a1c01bbd47fc00a2c39e90264f33305004495a9",
    "hash": "defb9729f559e4499e98257c34b0723ef5dd333c"
  },
  "/Users/richtillman/Desktop/Redesign_Health/github/rh-design-system/libs/shared/ui/src/lib/button/button.tsx": {
    "path": "/Users/richtillman/Desktop/Redesign_Health/github/rh-design-system/libs/shared/ui/src/lib/button/button.tsx",
    "statementMap": {},
    "fnMap": {},
    "branchMap": {},
    "s": {},
    "f": {},
    "b": {},
    "_coverageSchema": "1a1c01bbd47fc00a2c39e90264f33305004495a9",
    "hash": "8b669a8a420819cb46282aa4fe03c895179ebf18"
  },
  "/Users/richtillman/Desktop/Redesign_Health/github/rh-design-system/libs/shared/ui/src/lib/input/input.tsx": {
    "path": "/Users/richtillman/Desktop/Redesign_Health/github/rh-design-system/libs/shared/ui/src/lib/input/input.tsx",
    "statementMap": {
      "0": {
        "start": {
          "line": 6,
          "column": 20
        },
        "end": {
          "line": 8,
          "column": 1
        }
      },
      "1": {
        "start": {
          "line": 11,
          "column": 2
        },
        "end": {
          "line": 15,
          "column": 3
        }
      }
    },
    "fnMap": {
      "0": {
        "name": "Input",
        "decl": {
          "start": {
            "line": 10,
            "column": 16
          },
          "end": {
            "line": 10,
            "column": 21
          }
        },
        "loc": {
          "start": {
            "line": 10,
            "column": 41
          },
          "end": {
            "line": 16,
            "column": 1
          }
        },
        "line": 10
      }
    },
    "branchMap": {},
    "s": {
      "0": 16,
      "1": 0
    },
    "f": {
      "0": 0
    },
    "b": {},
    "_coverageSchema": "1a1c01bbd47fc00a2c39e90264f33305004495a9",
    "hash": "db6eb41c9419d7b619beffe6866a7d9995bda31a"
  },
  "/Users/richtillman/Desktop/Redesign_Health/github/rh-design-system/libs/shared/ui/src/lib/theme/components/button.ts": {
    "path": "/Users/richtillman/Desktop/Redesign_Health/github/rh-design-system/libs/shared/ui/src/lib/theme/components/button.ts",
    "statementMap": {
      "0": {
        "start": {
          "line": 7,
          "column": 37
        },
        "end": {
          "line": 26,
          "column": 1
        }
      },
      "1": {
        "start": {
          "line": 59,
          "column": 42
        },
        "end": {
          "line": 85,
          "column": 1
        }
      },
      "2": {
        "start": {
          "line": 60,
          "column": 36
        },
        "end": {
          "line": 60,
          "column": 41
        }
      },
      "3": {
        "start": {
          "line": 62,
          "column": 2
        },
        "end": {
          "line": 70,
          "column": 3
        }
      },
      "4": {
        "start": {
          "line": 63,
          "column": 4
        },
        "end": {
          "line": 69,
          "column": 5
        }
      },
      "5": {
        "start": {
          "line": 72,
          "column": 22
        },
        "end": {
          "line": 72,
          "column": 61
        }
      },
      "6": {
        "start": {
          "line": 73,
          "column": 23
        },
        "end": {
          "line": 73,
          "column": 62
        }
      },
      "7": {
        "start": {
          "line": 75,
          "column": 2
        },
        "end": {
          "line": 84,
          "column": 3
        }
      },
      "8": {
        "start": {
          "line": 87,
          "column": 44
        },
        "end": {
          "line": 98,
          "column": 1
        }
      },
      "9": {
        "start": {
          "line": 88,
          "column": 29
        },
        "end": {
          "line": 88,
          "column": 34
        }
      },
      "10": {
        "start": {
          "line": 89,
          "column": 22
        },
        "end": {
          "line": 89,
          "column": 63
        }
      },
      "11": {
        "start": {
          "line": 90,
          "column": 2
        },
        "end": {
          "line": 97,
          "column": 3
        }
      },
      "12": {
        "start": {
          "line": 108,
          "column": 63
        },
        "end": {
          "line": 121,
          "column": 1
        }
      },
      "13": {
        "start": {
          "line": 123,
          "column": 42
        },
        "end": {
          "line": 161,
          "column": 1
        }
      },
      "14": {
        "start": {
          "line": 124,
          "column": 29
        },
        "end": {
          "line": 124,
          "column": 34
        }
      },
      "15": {
        "start": {
          "line": 126,
          "column": 2
        },
        "end": {
          "line": 139,
          "column": 3
        }
      },
      "16": {
        "start": {
          "line": 127,
          "column": 15
        },
        "end": {
          "line": 127,
          "column": 57
        }
      },
      "17": {
        "start": {
          "line": 129,
          "column": 4
        },
        "end": {
          "line": 138,
          "column": 5
        }
      },
      "18": {
        "start": {
          "line": 146,
          "column": 6
        },
        "end": {
          "line": 146,
          "column": 33
        }
      },
      "19": {
        "start": {
          "line": 148,
          "column": 21
        },
        "end": {
          "line": 148,
          "column": 48
        }
      },
      "20": {
        "start": {
          "line": 150,
          "column": 2
        },
        "end": {
          "line": 160,
          "column": 3
        }
      },
      "21": {
        "start": {
          "line": 163,
          "column": 41
        },
        "end": {
          "line": 181,
          "column": 1
        }
      },
      "22": {
        "start": {
          "line": 164,
          "column": 29
        },
        "end": {
          "line": 164,
          "column": 34
        }
      },
      "23": {
        "start": {
          "line": 165,
          "column": 2
        },
        "end": {
          "line": 180,
          "column": 3
        }
      },
      "24": {
        "start": {
          "line": 183,
          "column": 43
        },
        "end": {
          "line": 190,
          "column": 1
        }
      },
      "25": {
        "start": {
          "line": 192,
          "column": 17
        },
        "end": {
          "line": 199,
          "column": 1
        }
      },
      "26": {
        "start": {
          "line": 206,
          "column": 14
        },
        "end": {
          "line": 231,
          "column": 1
        }
      },
      "27": {
        "start": {
          "line": 233,
          "column": 21
        },
        "end": {
          "line": 239,
          "column": 1
        }
      }
    },
    "fnMap": {
      "0": {
        "name": "(anonymous_0)",
        "decl": {
          "start": {
            "line": 59,
            "column": 42
          },
          "end": {
            "line": 59,
            "column": 43
          }
        },
        "loc": {
          "start": {
            "line": 59,
            "column": 51
          },
          "end": {
            "line": 85,
            "column": 1
          }
        },
        "line": 59
      },
      "1": {
        "name": "(anonymous_1)",
        "decl": {
          "start": {
            "line": 87,
            "column": 44
          },
          "end": {
            "line": 87,
            "column": 45
          }
        },
        "loc": {
          "start": {
            "line": 87,
            "column": 53
          },
          "end": {
            "line": 98,
            "column": 1
          }
        },
        "line": 87
      },
      "2": {
        "name": "(anonymous_2)",
        "decl": {
          "start": {
            "line": 123,
            "column": 42
          },
          "end": {
            "line": 123,
            "column": 43
          }
        },
        "loc": {
          "start": {
            "line": 123,
            "column": 51
          },
          "end": {
            "line": 161,
            "column": 1
          }
        },
        "line": 123
      },
      "3": {
        "name": "(anonymous_3)",
        "decl": {
          "start": {
            "line": 163,
            "column": 41
          },
          "end": {
            "line": 163,
            "column": 42
          }
        },
        "loc": {
          "start": {
            "line": 163,
            "column": 50
          },
          "end": {
            "line": 181,
            "column": 1
          }
        },
        "line": 163
      }
    },
    "branchMap": {
      "0": {
        "loc": {
          "start": {
            "line": 62,
            "column": 2
          },
          "end": {
            "line": 70,
            "column": 3
          }
        },
        "type": "if",
        "locations": [
          {
            "start": {
              "line": 62,
              "column": 2
            },
            "end": {
              "line": 70,
              "column": 3
            }
          },
          {
            "start": {},
            "end": {}
          }
        ],
        "line": 62
      },
      "1": {
        "loc": {
          "start": {
            "line": 92,
            "column": 17
          },
          "end": {
            "line": 92,
            "column": 60
          }
        },
        "type": "cond-expr",
        "locations": [
          {
            "start": {
              "line": 92,
              "column": 32
            },
            "end": {
              "line": 92,
              "column": 43
            }
          },
          {
            "start": {
              "line": 92,
              "column": 46
            },
            "end": {
              "line": 92,
              "column": 60
            }
          }
        ],
        "line": 92
      },
      "2": {
        "loc": {
          "start": {
            "line": 126,
            "column": 2
          },
          "end": {
            "line": 139,
            "column": 3
          }
        },
        "type": "if",
        "locations": [
          {
            "start": {
              "line": 126,
              "column": 2
            },
            "end": {
              "line": 139,
              "column": 3
            }
          },
          {
            "start": {},
            "end": {}
          }
        ],
        "line": 126
      },
      "3": {
        "loc": {
          "start": {
            "line": 142,
            "column": 4
          },
          "end": {
            "line": 142,
            "column": 19
          }
        },
        "type": "default-arg",
        "locations": [
          {
            "start": {
              "line": 142,
              "column": 9
            },
            "end": {
              "line": 142,
              "column": 19
            }
          }
        ],
        "line": 142
      },
      "4": {
        "loc": {
          "start": {
            "line": 143,
            "column": 4
          },
          "end": {
            "line": 143,
            "column": 19
          }
        },
        "type": "default-arg",
        "locations": [
          {
            "start": {
              "line": 143,
              "column": 12
            },
            "end": {
              "line": 143,
              "column": 19
            }
          }
        ],
        "line": 143
      },
      "5": {
        "loc": {
          "start": {
            "line": 144,
            "column": 4
          },
          "end": {
            "line": 144,
            "column": 24
          }
        },
        "type": "default-arg",
        "locations": [
          {
            "start": {
              "line": 144,
              "column": 14
            },
            "end": {
              "line": 144,
              "column": 24
            }
          }
        ],
        "line": 144
      },
      "6": {
        "loc": {
          "start": {
            "line": 145,
            "column": 4
          },
          "end": {
            "line": 145,
            "column": 25
          }
        },
        "type": "default-arg",
        "locations": [
          {
            "start": {
              "line": 145,
              "column": 15
            },
            "end": {
              "line": 145,
              "column": 25
            }
          }
        ],
        "line": 145
      },
      "7": {
        "loc": {
          "start": {
            "line": 146,
            "column": 6
          },
          "end": {
            "line": 146,
            "column": 33
          }
        },
        "type": "binary-expr",
        "locations": [
          {
            "start": {
              "line": 146,
              "column": 6
            },
            "end": {
              "line": 146,
              "column": 27
            }
          },
          {
            "start": {
              "line": 146,
              "column": 31
            },
            "end": {
              "line": 146,
              "column": 33
            }
          }
        ],
        "line": 146
      }
    },
    "s": {
      "0": 16,
      "1": 16,
      "2": 252,
      "3": 252,
      "4": 0,
      "5": 252,
      "6": 252,
      "7": 252,
      "8": 16,
      "9": 230,
      "10": 230,
      "11": 230,
      "12": 16,
      "13": 16,
      "14": 168,
      "15": 168,
      "16": 0,
      "17": 0,
      "18": 168,
      "19": 168,
      "20": 168,
      "21": 16,
      "22": 22,
      "23": 22,
      "24": 16,
      "25": 16,
      "26": 16,
      "27": 16
    },
    "f": {
      "0": 252,
      "1": 230,
      "2": 168,
      "3": 22
    },
    "b": {
      "0": [0, 252],
      "1": [0, 230],
      "2": [0, 168],
      "3": [168],
      "4": [168],
      "5": [168],
      "6": [168],
      "7": [168, 168]
    },
    "_coverageSchema": "1a1c01bbd47fc00a2c39e90264f33305004495a9",
    "hash": "76cf9c60455be054c80147ec04d95edf702f34d3"
  },
  "/Users/richtillman/Desktop/Redesign_Health/github/rh-design-system/libs/shared/ui/src/lib/theme/components/form.ts": {
    "path": "/Users/richtillman/Desktop/Redesign_Health/github/rh-design-system/libs/shared/ui/src/lib/theme/components/form.ts",
    "statementMap": {
      "0": {
        "start": {
          "line": 1,
          "column": 24
        },
        "end": {
          "line": 6,
          "column": 1
        }
      },
      "1": {
        "start": {
          "line": 8,
          "column": 21
        },
        "end": {
          "line": 20,
          "column": 1
        }
      },
      "2": {
        "start": {
          "line": 22,
          "column": 22
        },
        "end": {
          "line": 28,
          "column": 1
        }
      },
      "3": {
        "start": {
          "line": 30,
          "column": 25
        },
        "end": {
          "line": 37,
          "column": 1
        }
      }
    },
    "fnMap": {},
    "branchMap": {},
    "s": {
      "0": 16,
      "1": 16,
      "2": 16,
      "3": 16
    },
    "f": {},
    "b": {},
    "_coverageSchema": "1a1c01bbd47fc00a2c39e90264f33305004495a9",
    "hash": "03137addcdd4c077f72d10c70867f87328a5294d"
  },
  "/Users/richtillman/Desktop/Redesign_Health/github/rh-design-system/libs/shared/ui/src/lib/theme/components/index.ts": {
    "path": "/Users/richtillman/Desktop/Redesign_Health/github/rh-design-system/libs/shared/ui/src/lib/theme/components/index.ts",
    "statementMap": {
      "0": {
        "start": {
          "line": 4,
          "column": 26
        },
        "end": {
          "line": 9,
          "column": 1
        }
      }
    },
    "fnMap": {},
    "branchMap": {},
    "s": {
      "0": 16
    },
    "f": {},
    "b": {},
    "_coverageSchema": "1a1c01bbd47fc00a2c39e90264f33305004495a9",
    "hash": "b8f3686492d322665acca2b5793ae43e274441b2"
  },
  "/Users/richtillman/Desktop/Redesign_Health/github/rh-design-system/libs/shared/ui/src/lib/theme/foundation/colors.ts": {
    "path": "/Users/richtillman/Desktop/Redesign_Health/github/rh-design-system/libs/shared/ui/src/lib/theme/foundation/colors.ts",
    "statementMap": {
      "0": {
        "start": {
          "line": 3,
          "column": 30
        },
        "end": {
          "line": 426,
          "column": 1
        }
      }
    },
    "fnMap": {},
    "branchMap": {},
    "s": {
      "0": 16
    },
    "f": {},
    "b": {},
    "_coverageSchema": "1a1c01bbd47fc00a2c39e90264f33305004495a9",
    "hash": "1e356104a76d7c9ebefd3a64b8c268795516f35f"
  },
  "/Users/richtillman/Desktop/Redesign_Health/github/rh-design-system/libs/shared/ui/src/lib/theme/foundation/radii.ts": {
    "path": "/Users/richtillman/Desktop/Redesign_Health/github/rh-design-system/libs/shared/ui/src/lib/theme/foundation/radii.ts",
    "statementMap": {
      "0": {
        "start": {
          "line": 1,
          "column": 21
        },
        "end": {
          "line": 11,
          "column": 1
        }
      }
    },
    "fnMap": {},
    "branchMap": {},
    "s": {
      "0": 16
    },
    "f": {},
    "b": {},
    "_coverageSchema": "1a1c01bbd47fc00a2c39e90264f33305004495a9",
    "hash": "382679db525df87413e0d2700338a9d2f22ec13d"
  },
  "/Users/richtillman/Desktop/Redesign_Health/github/rh-design-system/libs/shared/ui/src/lib/theme/foundation/semantic-tokens.ts": {
    "path": "/Users/richtillman/Desktop/Redesign_Health/github/rh-design-system/libs/shared/ui/src/lib/theme/foundation/semantic-tokens.ts",
    "statementMap": {
      "0": {
        "start": {
          "line": 1,
          "column": 30
        },
        "end": {
          "line": 8,
          "column": 1
        }
      }
    },
    "fnMap": {},
    "branchMap": {},
    "s": {
      "0": 16
    },
    "f": {},
    "b": {},
    "_coverageSchema": "1a1c01bbd47fc00a2c39e90264f33305004495a9",
    "hash": "24664f8c373eb58b046143f58aeb9c2b19a3df65"
  },
  "/Users/richtillman/Desktop/Redesign_Health/github/rh-design-system/libs/shared/ui/src/lib/theme/foundation/shadows.ts": {
    "path": "/Users/richtillman/Desktop/Redesign_Health/github/rh-design-system/libs/shared/ui/src/lib/theme/foundation/shadows.ts",
    "statementMap": {
      "0": {
        "start": {
          "line": 1,
          "column": 23
        },
        "end": {
          "line": 14,
          "column": 1
        }
      }
    },
    "fnMap": {},
    "branchMap": {},
    "s": {
      "0": 16
    },
    "f": {},
    "b": {},
    "_coverageSchema": "1a1c01bbd47fc00a2c39e90264f33305004495a9",
    "hash": "9e2bca645b8eaca1f7ed30f4562f1db62bd67b6e"
  },
  "/Users/richtillman/Desktop/Redesign_Health/github/rh-design-system/libs/shared/ui/src/lib/theme/foundation/typography.ts": {
    "path": "/Users/richtillman/Desktop/Redesign_Health/github/rh-design-system/libs/shared/ui/src/lib/theme/foundation/typography.ts",
    "statementMap": {
      "0": {
        "start": {
          "line": 1,
          "column": 26
        },
        "end": {
          "line": 61,
          "column": 1
        }
      }
    },
    "fnMap": {},
    "branchMap": {},
    "s": {
      "0": 16
    },
    "f": {},
    "b": {},
    "_coverageSchema": "1a1c01bbd47fc00a2c39e90264f33305004495a9",
    "hash": "cfa64d9442e58a8a1f4ef0eed95399dbcf2092c5"
  },
  "/Users/richtillman/Desktop/Redesign_Health/github/rh-design-system/libs/shared/ui/src/lib/theme/foundation/index.ts": {
    "path": "/Users/richtillman/Desktop/Redesign_Health/github/rh-design-system/libs/shared/ui/src/lib/theme/foundation/index.ts",
    "statementMap": {},
    "fnMap": {},
    "branchMap": {},
    "s": {},
    "f": {},
    "b": {},
    "_coverageSchema": "1a1c01bbd47fc00a2c39e90264f33305004495a9",
    "hash": "f3dddddea5881b00ad0f12212e831bb0cf2358b6"
  },
  "/Users/richtillman/Desktop/Redesign_Health/github/rh-design-system/libs/shared/ui/src/lib/theme/index.ts": {
    "path": "/Users/richtillman/Desktop/Redesign_Health/github/rh-design-system/libs/shared/ui/src/lib/theme/index.ts",
    "statementMap": {
      "0": {
        "start": {
          "line": 7,
          "column": 23
        },
        "end": {
          "line": 18,
          "column": 1
        }
      },
      "1": {
        "start": {
          "line": 20,
          "column": 28
        },
        "end": {
          "line": 23,
          "column": 1
        }
      },
      "2": {
        "start": {
          "line": 25,
          "column": 21
        },
        "end": {
          "line": 44,
          "column": 2
        }
      }
    },
    "fnMap": {},
    "branchMap": {},
    "s": {
      "0": 16,
      "1": 16,
      "2": 16
    },
    "f": {},
    "b": {},
    "_coverageSchema": "1a1c01bbd47fc00a2c39e90264f33305004495a9",
    "hash": "42ba5f574d813dbf7730c6415e76c7ec8050dd1d"
  },
  "/Users/richtillman/Desktop/Redesign_Health/github/rh-design-system/libs/shared/ui/src/index.ts": {
    "path": "/Users/richtillman/Desktop/Redesign_Health/github/rh-design-system/libs/shared/ui/src/index.ts",
    "statementMap": {},
    "fnMap": {},
    "branchMap": {},
    "s": {},
    "f": {},
    "b": {},
    "_coverageSchema": "1a1c01bbd47fc00a2c39e90264f33305004495a9",
    "hash": "bbc1ecf58e1e2f9be24d6e44d68e51c3392e9558"
  },
  "/Users/richtillman/Desktop/Redesign_Health/github/rh-design-system/libs/shared/ui/.storybook/preview.js": {
    "path": "/Users/richtillman/Desktop/Redesign_Health/github/rh-design-system/libs/shared/ui/.storybook/preview.js",
    "statementMap": {
      "0": {
        "start": {
          "line": 10,
          "column": 23
        },
        "end": {
          "line": 10,
          "column": 65
        }
      },
      "1": {
        "start": {
          "line": 12,
          "column": 26
        },
        "end": {
          "line": 25,
          "column": 1
        }
      },
      "2": {
        "start": {
          "line": 27,
          "column": 26
        },
        "end": {
          "line": 27,
          "column": 38
        }
      }
    },
    "fnMap": {},
    "branchMap": {},
    "s": {
      "0": 16,
      "1": 16,
      "2": 16
    },
    "f": {},
    "b": {},
    "_coverageSchema": "1a1c01bbd47fc00a2c39e90264f33305004495a9",
    "hash": "b122282fc38d96ba818a6e0aadc08b9ac20d704c"
  }
}
